[2024-06-22T14:00:26.548+0000] {local_task_job_runner.py:120} INFO - ::group::Pre task execution logs
[2024-06-22T14:00:26.741+0000] {taskinstance.py:2076} INFO - Dependencies all met for dep_context=non-requeueable deps ti=<TaskInstance: ELT-PROJECT.extract.extract_employee_territories manual__2024-06-22T14:00:08.796342+00:00 [queued]>
[2024-06-22T14:00:26.843+0000] {taskinstance.py:2076} INFO - Dependencies all met for dep_context=requeueable deps ti=<TaskInstance: ELT-PROJECT.extract.extract_employee_territories manual__2024-06-22T14:00:08.796342+00:00 [queued]>
[2024-06-22T14:00:26.850+0000] {taskinstance.py:2306} INFO - Starting attempt 1 of 2
[2024-06-22T14:00:27.153+0000] {taskinstance.py:2330} INFO - Executing <Task(_PythonDecoratedOperator): extract.extract_employee_territories> on 2024-06-22 14:00:08.796342+00:00
[2024-06-22T14:00:27.464+0000] {logging_mixin.py:188} WARNING - /home/airflow/.local/lib/python3.12/site-packages/airflow/task/task_runner/standard_task_runner.py:61 DeprecationWarning: This process (pid=1995) is multi-threaded, use of fork() may lead to deadlocks in the child.
[2024-06-22T14:00:27.496+0000] {standard_task_runner.py:63} INFO - Started process 2026 to run task
[2024-06-22T14:00:27.504+0000] {standard_task_runner.py:90} INFO - Running: ['airflow', 'tasks', 'run', 'ELT-PROJECT', 'extract.extract_employee_territories', 'manual__2024-06-22T14:00:08.796342+00:00', '--job-id', '36', '--raw', '--subdir', 'DAGS_FOLDER/elt.py', '--cfg-path', '/tmp/tmp1j0buqae']
[2024-06-22T14:00:27.522+0000] {standard_task_runner.py:91} INFO - Job 36: Subtask extract.extract_employee_territories
[2024-06-22T14:00:28.710+0000] {logging_mixin.py:188} WARNING - /home/airflow/.local/lib/python3.12/site-packages/airflow/settings.py:195 DeprecationWarning: The sql_alchemy_conn option in [core] has been moved to the sql_alchemy_conn option in [database] - the old setting has been used, but please update your config.
[2024-06-22T14:00:29.628+0000] {task_command.py:426} INFO - Running <TaskInstance: ELT-PROJECT.extract.extract_employee_territories manual__2024-06-22T14:00:08.796342+00:00 [running]> on host airflow-scheduler
[2024-06-22T14:01:01.569+0000] {taskinstance.py:2648} INFO - Exporting env vars: AIRFLOW_CTX_DAG_OWNER='Data-Ninja' AIRFLOW_CTX_DAG_ID='ELT-PROJECT' AIRFLOW_CTX_TASK_ID='extract.extract_employee_territories' AIRFLOW_CTX_EXECUTION_DATE='2024-06-22T14:00:08.796342+00:00' AIRFLOW_CTX_TRY_NUMBER='1' AIRFLOW_CTX_DAG_RUN_ID='manual__2024-06-22T14:00:08.796342+00:00'
[2024-06-22T14:01:01.596+0000] {taskinstance.py:430} INFO - ::endgroup::
[2024-06-22T14:02:19.590+0000] {local_task_job_runner.py:310} WARNING - State of this instance has been externally set to failed. Terminating instance.
[2024-06-22T14:02:21.126+0000] {local_task_job_runner.py:222} INFO - ::endgroup::
[2024-06-22T14:02:21.268+0000] {process_utils.py:132} INFO - Sending 15 to group 2026. PIDs of all processes in the group: [2045, 2026]
[2024-06-22T14:02:21.333+0000] {process_utils.py:87} INFO - Sending the signal 15 to group 2026
[2024-06-22T14:02:21.754+0000] {taskinstance.py:2611} ERROR - Received SIGTERM. Terminating subprocesses.
[2024-06-22T14:02:24.541+0000] {taskinstance.py:441} INFO - ::group::Post task execution logs
[2024-06-22T14:02:28.372+0000] {clientserver.py:538} INFO - Error while receiving.
Traceback (most recent call last):
  File "/home/airflow/.local/lib/python3.12/site-packages/py4j/clientserver.py", line 516, in send_command
    raise Py4JNetworkError("Answer from Java side is empty")
py4j.protocol.Py4JNetworkError: Answer from Java side is empty
[2024-06-22T14:02:28.573+0000] {clientserver.py:543} INFO - Closing down clientserver connection
[2024-06-22T14:02:28.598+0000] {java_gateway.py:1055} ERROR - Exception while sending command.
Traceback (most recent call last):
  File "/home/airflow/.local/lib/python3.12/site-packages/py4j/clientserver.py", line 516, in send_command
    raise Py4JNetworkError("Answer from Java side is empty")
py4j.protocol.Py4JNetworkError: Answer from Java side is empty

During handling of the above exception, another exception occurred:

Traceback (most recent call last):
  File "/home/airflow/.local/lib/python3.12/site-packages/py4j/java_gateway.py", line 1038, in send_command
    response = connection.send_command(command)
               ^^^^^^^^^^^^^^^^^^^^^^^^^^^^^^^^
  File "/home/airflow/.local/lib/python3.12/site-packages/py4j/clientserver.py", line 539, in send_command
    raise Py4JNetworkError(
py4j.protocol.Py4JNetworkError: Error while sending or receiving
[2024-06-22T14:02:28.650+0000] {clientserver.py:543} INFO - Closing down clientserver connection
[2024-06-22T14:02:28.684+0000] {clientserver.py:543} INFO - Closing down clientserver connection
[2024-06-22T14:02:28.687+0000] {clientserver.py:543} INFO - Closing down clientserver connection
[2024-06-22T14:02:28.699+0000] {clientserver.py:543} INFO - Closing down clientserver connection
[2024-06-22T14:02:28.717+0000] {clientserver.py:543} INFO - Closing down clientserver connection
[2024-06-22T14:02:28.720+0000] {clientserver.py:543} INFO - Closing down clientserver connection
[2024-06-22T14:02:28.721+0000] {clientserver.py:543} INFO - Closing down clientserver connection
[2024-06-22T14:02:28.729+0000] {clientserver.py:543} INFO - Closing down clientserver connection
[2024-06-22T14:02:28.755+0000] {clientserver.py:543} INFO - Closing down clientserver connection
[2024-06-22T14:02:28.762+0000] {clientserver.py:543} INFO - Closing down clientserver connection
[2024-06-22T14:02:28.806+0000] {clientserver.py:543} INFO - Closing down clientserver connection
[2024-06-22T14:02:28.832+0000] {clientserver.py:543} INFO - Closing down clientserver connection
[2024-06-22T14:02:28.875+0000] {clientserver.py:543} INFO - Closing down clientserver connection
[2024-06-22T14:02:28.908+0000] {clientserver.py:543} INFO - Closing down clientserver connection
[2024-06-22T14:02:28.928+0000] {clientserver.py:543} INFO - Closing down clientserver connection
[2024-06-22T14:02:28.935+0000] {clientserver.py:543} INFO - Closing down clientserver connection
[2024-06-22T14:02:28.964+0000] {clientserver.py:543} INFO - Closing down clientserver connection
[2024-06-22T14:02:28.969+0000] {clientserver.py:543} INFO - Closing down clientserver connection
[2024-06-22T14:02:28.979+0000] {clientserver.py:543} INFO - Closing down clientserver connection
[2024-06-22T14:02:28.985+0000] {clientserver.py:543} INFO - Closing down clientserver connection
[2024-06-22T14:02:28.996+0000] {clientserver.py:543} INFO - Closing down clientserver connection
[2024-06-22T14:02:28.999+0000] {clientserver.py:543} INFO - Closing down clientserver connection
[2024-06-22T14:02:29.001+0000] {clientserver.py:543} INFO - Closing down clientserver connection
[2024-06-22T14:02:29.793+0000] {clientserver.py:543} INFO - Closing down clientserver connection
[2024-06-22T14:02:30.896+0000] {process_utils.py:80} INFO - Process psutil.Process(pid=2045, status='terminated', started='14:01:01') (2045) terminated with exit code None
[2024-06-22T14:02:30.943+0000] {process_utils.py:80} INFO - Process psutil.Process(pid=2026, status='terminated', exitcode=0, started='14:00:27') (2026) terminated with exit code 0
