[2024-06-27T13:24:48.301+0000] {local_task_job_runner.py:120} INFO - ::group::Pre task execution logs
[2024-06-27T13:24:48.445+0000] {taskinstance.py:2076} INFO - Dependencies all met for dep_context=non-requeueable deps ti=<TaskInstance: TEST_SPARK.extract.extract_employee_territories manual__2024-06-27T13:17:08.054312+00:00 [queued]>
[2024-06-27T13:24:48.520+0000] {taskinstance.py:2076} INFO - Dependencies all met for dep_context=requeueable deps ti=<TaskInstance: TEST_SPARK.extract.extract_employee_territories manual__2024-06-27T13:17:08.054312+00:00 [queued]>
[2024-06-27T13:24:48.534+0000] {taskinstance.py:2306} INFO - Starting attempt 2 of 2
[2024-06-27T13:24:48.684+0000] {taskinstance.py:2330} INFO - Executing <Task(_PythonDecoratedOperator): extract.extract_employee_territories> on 2024-06-27 13:17:08.054312+00:00
[2024-06-27T13:24:48.746+0000] {logging_mixin.py:188} WARNING - /home/airflow/.local/lib/python3.12/site-packages/airflow/task/task_runner/standard_task_runner.py:61 DeprecationWarning: This process (pid=4230) is multi-threaded, use of fork() may lead to deadlocks in the child.
[2024-06-27T13:24:48.732+0000] {standard_task_runner.py:90} INFO - Running: ['airflow', 'tasks', 'run', 'TEST_SPARK', 'extract.extract_employee_territories', 'manual__2024-06-27T13:17:08.054312+00:00', '--job-id', '400', '--raw', '--subdir', 'DAGS_FOLDER/elt-spark.py', '--cfg-path', '/tmp/tmpuv2weedn']
[2024-06-27T13:24:48.757+0000] {standard_task_runner.py:63} INFO - Started process 4245 to run task
[2024-06-27T13:24:48.776+0000] {standard_task_runner.py:91} INFO - Job 400: Subtask extract.extract_employee_territories
[2024-06-27T13:24:48.912+0000] {logging_mixin.py:188} WARNING - /home/airflow/.local/lib/python3.12/site-packages/airflow/settings.py:195 DeprecationWarning: The sql_alchemy_conn option in [core] has been moved to the sql_alchemy_conn option in [database] - the old setting has been used, but please update your config.
[2024-06-27T13:24:49.164+0000] {task_command.py:426} INFO - Running <TaskInstance: TEST_SPARK.extract.extract_employee_territories manual__2024-06-27T13:17:08.054312+00:00 [running]> on host airflow-scheduler
[2024-06-27T13:24:49.735+0000] {taskinstance.py:2648} INFO - Exporting env vars: AIRFLOW_CTX_DAG_OWNER='Data-Ninja' AIRFLOW_CTX_DAG_ID='TEST_SPARK' AIRFLOW_CTX_TASK_ID='extract.extract_employee_territories' AIRFLOW_CTX_EXECUTION_DATE='2024-06-27T13:17:08.054312+00:00' AIRFLOW_CTX_TRY_NUMBER='2' AIRFLOW_CTX_DAG_RUN_ID='manual__2024-06-27T13:17:08.054312+00:00'
[2024-06-27T13:24:49.746+0000] {taskinstance.py:430} INFO - ::endgroup::
[2024-06-27T13:27:17.154+0000] {logging_mixin.py:188} INFO - +----------+-----------+
|employeeID|territoryID|
+----------+-----------+
|         1|       6897|
|         1|      19713|
|         2|       1581|
|         2|       1730|
|         2|       1833|
|         2|       2116|
|         2|       2139|
|         2|       2184|
|         2|      40222|
|         3|      30346|
|         3|      31406|
|         3|      32859|
|         3|      33607|
|         4|      20852|
|         4|      27403|
|         4|      27511|
|         5|       2903|
|         5|       7960|
|         5|       8837|
|         5|      10019|
+----------+-----------+
only showing top 20 rows
[2024-06-27T13:27:17.165+0000] {logging_mixin.py:188} INFO - None
[2024-06-27T13:27:17.169+0000] {python.py:237} INFO - Done. Returned value was: DataFrame[employeeID: bigint, territoryID: bigint]
[2024-06-27T13:27:17.434+0000] {taskinstance.py:441} INFO - ::group::Post task execution logs
[2024-06-27T13:27:17.555+0000] {xcom.py:675} ERROR - Object of type DataFrame is not JSON serializable. If you are using pickle instead of JSON for XCom, then you need to enable pickle support for XCom in your airflow config or make sure to decorate your object with attr.
[2024-06-27T13:27:17.611+0000] {taskinstance.py:2905} ERROR - Task failed with exception
Traceback (most recent call last):
  File "/home/airflow/.local/lib/python3.12/site-packages/airflow/utils/json.py", line 91, in default
    return serialize(o)
           ^^^^^^^^^^^^
  File "/home/airflow/.local/lib/python3.12/site-packages/airflow/serialization/serde.py", line 189, in serialize
    raise TypeError(f"cannot serialize object of type {cls}")
TypeError: cannot serialize object of type <class 'pyspark.sql.dataframe.DataFrame'>

During handling of the above exception, another exception occurred:

Traceback (most recent call last):
  File "/home/airflow/.local/lib/python3.12/site-packages/airflow/models/taskinstance.py", line 486, in _execute_task
    task_instance.xcom_push(key=XCOM_RETURN_KEY, value=xcom_value, session=session)
  File "/home/airflow/.local/lib/python3.12/site-packages/airflow/utils/session.py", line 76, in wrapper
    return func(*args, **kwargs)
           ^^^^^^^^^^^^^^^^^^^^^
  File "/home/airflow/.local/lib/python3.12/site-packages/airflow/models/taskinstance.py", line 3197, in xcom_push
    XCom.set(
  File "/home/airflow/.local/lib/python3.12/site-packages/airflow/utils/session.py", line 76, in wrapper
    return func(*args, **kwargs)
           ^^^^^^^^^^^^^^^^^^^^^
  File "/home/airflow/.local/lib/python3.12/site-packages/airflow/models/xcom.py", line 246, in set
    value = cls.serialize_value(
            ^^^^^^^^^^^^^^^^^^^^
  File "/home/airflow/.local/lib/python3.12/site-packages/airflow/models/xcom.py", line 673, in serialize_value
    return json.dumps(value, cls=XComEncoder).encode("UTF-8")
           ^^^^^^^^^^^^^^^^^^^^^^^^^^^^^^^^^^
  File "/usr/local/lib/python3.12/json/__init__.py", line 238, in dumps
    **kw).encode(obj)
          ^^^^^^^^^^^
  File "/home/airflow/.local/lib/python3.12/site-packages/airflow/utils/json.py", line 104, in encode
    return super().encode(o)
           ^^^^^^^^^^^^^^^^^
  File "/usr/local/lib/python3.12/json/encoder.py", line 200, in encode
    chunks = self.iterencode(o, _one_shot=True)
             ^^^^^^^^^^^^^^^^^^^^^^^^^^^^^^^^^^
  File "/usr/local/lib/python3.12/json/encoder.py", line 258, in iterencode
    return _iterencode(o, 0)
           ^^^^^^^^^^^^^^^^^
  File "/home/airflow/.local/lib/python3.12/site-packages/airflow/utils/json.py", line 93, in default
    return super().default(o)
           ^^^^^^^^^^^^^^^^^^
  File "/usr/local/lib/python3.12/json/encoder.py", line 180, in default
    raise TypeError(f'Object of type {o.__class__.__name__} '
TypeError: Object of type DataFrame is not JSON serializable
[2024-06-27T13:27:17.821+0000] {taskinstance.py:1206} INFO - Marking task as FAILED. dag_id=TEST_SPARK, task_id=extract.extract_employee_territories, run_id=manual__2024-06-27T13:17:08.054312+00:00, execution_date=20240627T131708, start_date=20240627T132448, end_date=20240627T132717
[2024-06-27T13:27:17.976+0000] {standard_task_runner.py:110} ERROR - Failed to execute job 400 for task extract.extract_employee_territories (Object of type DataFrame is not JSON serializable; 4245)
[2024-06-27T13:27:18.125+0000] {local_task_job_runner.py:240} INFO - Task exited with return code 1
[2024-06-27T13:27:18.448+0000] {taskinstance.py:3503} INFO - 0 downstream tasks scheduled from follow-on schedule check
[2024-06-27T13:27:18.475+0000] {local_task_job_runner.py:222} INFO - ::endgroup::
