[2024-06-22T14:00:27.702+0000] {local_task_job_runner.py:120} INFO - ::group::Pre task execution logs
[2024-06-22T14:00:28.212+0000] {taskinstance.py:2076} INFO - Dependencies all met for dep_context=non-requeueable deps ti=<TaskInstance: ELT-PROJECT.extract.extract_employees manual__2024-06-22T14:00:08.796342+00:00 [queued]>
[2024-06-22T14:00:28.336+0000] {taskinstance.py:2076} INFO - Dependencies all met for dep_context=requeueable deps ti=<TaskInstance: ELT-PROJECT.extract.extract_employees manual__2024-06-22T14:00:08.796342+00:00 [queued]>
[2024-06-22T14:00:28.360+0000] {taskinstance.py:2306} INFO - Starting attempt 1 of 2
[2024-06-22T14:00:28.976+0000] {taskinstance.py:2330} INFO - Executing <Task(_PythonDecoratedOperator): extract.extract_employees> on 2024-06-22 14:00:08.796342+00:00
[2024-06-22T14:00:29.098+0000] {logging_mixin.py:188} WARNING - /home/airflow/.local/lib/python3.12/site-packages/airflow/task/task_runner/standard_task_runner.py:61 DeprecationWarning: This process (pid=1998) is multi-threaded, use of fork() may lead to deadlocks in the child.
[2024-06-22T14:00:29.111+0000] {standard_task_runner.py:63} INFO - Started process 2032 to run task
[2024-06-22T14:00:29.168+0000] {standard_task_runner.py:90} INFO - Running: ['airflow', 'tasks', 'run', 'ELT-PROJECT', 'extract.extract_employees', 'manual__2024-06-22T14:00:08.796342+00:00', '--job-id', '39', '--raw', '--subdir', 'DAGS_FOLDER/elt.py', '--cfg-path', '/tmp/tmphncklogc']
[2024-06-22T14:00:29.188+0000] {standard_task_runner.py:91} INFO - Job 39: Subtask extract.extract_employees
[2024-06-22T14:00:29.732+0000] {logging_mixin.py:188} WARNING - /home/airflow/.local/lib/python3.12/site-packages/airflow/settings.py:195 DeprecationWarning: The sql_alchemy_conn option in [core] has been moved to the sql_alchemy_conn option in [database] - the old setting has been used, but please update your config.
[2024-06-22T14:00:30.306+0000] {task_command.py:426} INFO - Running <TaskInstance: ELT-PROJECT.extract.extract_employees manual__2024-06-22T14:00:08.796342+00:00 [running]> on host airflow-scheduler
[2024-06-22T14:01:02.150+0000] {taskinstance.py:2648} INFO - Exporting env vars: AIRFLOW_CTX_DAG_OWNER='Data-Ninja' AIRFLOW_CTX_DAG_ID='ELT-PROJECT' AIRFLOW_CTX_TASK_ID='extract.extract_employees' AIRFLOW_CTX_EXECUTION_DATE='2024-06-22T14:00:08.796342+00:00' AIRFLOW_CTX_TRY_NUMBER='1' AIRFLOW_CTX_DAG_RUN_ID='manual__2024-06-22T14:00:08.796342+00:00'
[2024-06-22T14:01:02.155+0000] {taskinstance.py:430} INFO - ::endgroup::
[2024-06-22T14:02:18.697+0000] {local_task_job_runner.py:310} WARNING - State of this instance has been externally set to failed. Terminating instance.
[2024-06-22T14:02:20.122+0000] {local_task_job_runner.py:222} INFO - ::endgroup::
[2024-06-22T14:02:20.464+0000] {process_utils.py:132} INFO - Sending 15 to group 2032. PIDs of all processes in the group: [2053, 2032]
[2024-06-22T14:02:20.496+0000] {process_utils.py:87} INFO - Sending the signal 15 to group 2032
[2024-06-22T14:02:20.737+0000] {taskinstance.py:2611} ERROR - Received SIGTERM. Terminating subprocesses.
[2024-06-22T14:02:22.900+0000] {taskinstance.py:441} INFO - ::group::Post task execution logs
[2024-06-22T14:02:27.475+0000] {clientserver.py:538} INFO - Error while receiving.
Traceback (most recent call last):
  File "/home/airflow/.local/lib/python3.12/site-packages/py4j/clientserver.py", line 516, in send_command
    raise Py4JNetworkError("Answer from Java side is empty")
py4j.protocol.Py4JNetworkError: Answer from Java side is empty
[2024-06-22T14:02:27.566+0000] {clientserver.py:543} INFO - Closing down clientserver connection
[2024-06-22T14:02:27.576+0000] {java_gateway.py:1055} ERROR - Exception while sending command.
Traceback (most recent call last):
  File "/home/airflow/.local/lib/python3.12/site-packages/py4j/clientserver.py", line 516, in send_command
    raise Py4JNetworkError("Answer from Java side is empty")
py4j.protocol.Py4JNetworkError: Answer from Java side is empty

During handling of the above exception, another exception occurred:

Traceback (most recent call last):
  File "/home/airflow/.local/lib/python3.12/site-packages/py4j/java_gateway.py", line 1038, in send_command
    response = connection.send_command(command)
               ^^^^^^^^^^^^^^^^^^^^^^^^^^^^^^^^
  File "/home/airflow/.local/lib/python3.12/site-packages/py4j/clientserver.py", line 539, in send_command
    raise Py4JNetworkError(
py4j.protocol.Py4JNetworkError: Error while sending or receiving
[2024-06-22T14:02:27.632+0000] {clientserver.py:543} INFO - Closing down clientserver connection
[2024-06-22T14:02:27.636+0000] {clientserver.py:543} INFO - Closing down clientserver connection
[2024-06-22T14:02:27.651+0000] {clientserver.py:543} INFO - Closing down clientserver connection
[2024-06-22T14:02:27.653+0000] {clientserver.py:543} INFO - Closing down clientserver connection
[2024-06-22T14:02:27.654+0000] {clientserver.py:543} INFO - Closing down clientserver connection
[2024-06-22T14:02:27.657+0000] {clientserver.py:543} INFO - Closing down clientserver connection
[2024-06-22T14:02:27.659+0000] {clientserver.py:543} INFO - Closing down clientserver connection
[2024-06-22T14:02:27.661+0000] {clientserver.py:543} INFO - Closing down clientserver connection
[2024-06-22T14:02:27.668+0000] {clientserver.py:543} INFO - Closing down clientserver connection
[2024-06-22T14:02:27.670+0000] {clientserver.py:543} INFO - Closing down clientserver connection
[2024-06-22T14:02:27.676+0000] {clientserver.py:543} INFO - Closing down clientserver connection
[2024-06-22T14:02:27.680+0000] {clientserver.py:543} INFO - Closing down clientserver connection
[2024-06-22T14:02:27.683+0000] {clientserver.py:543} INFO - Closing down clientserver connection
[2024-06-22T14:02:27.687+0000] {clientserver.py:543} INFO - Closing down clientserver connection
[2024-06-22T14:02:27.690+0000] {clientserver.py:543} INFO - Closing down clientserver connection
[2024-06-22T14:02:27.704+0000] {clientserver.py:543} INFO - Closing down clientserver connection
[2024-06-22T14:02:27.736+0000] {clientserver.py:543} INFO - Closing down clientserver connection
[2024-06-22T14:02:27.740+0000] {clientserver.py:543} INFO - Closing down clientserver connection
[2024-06-22T14:02:27.746+0000] {clientserver.py:543} INFO - Closing down clientserver connection
[2024-06-22T14:02:27.750+0000] {clientserver.py:543} INFO - Closing down clientserver connection
[2024-06-22T14:02:27.754+0000] {clientserver.py:543} INFO - Closing down clientserver connection
[2024-06-22T14:02:27.757+0000] {clientserver.py:543} INFO - Closing down clientserver connection
[2024-06-22T14:02:27.761+0000] {clientserver.py:543} INFO - Closing down clientserver connection
[2024-06-22T14:02:29.015+0000] {clientserver.py:543} INFO - Closing down clientserver connection
[2024-06-22T14:02:29.408+0000] {process_utils.py:80} INFO - Process psutil.Process(pid=2032, status='terminated', exitcode=0, started='14:00:28') (2032) terminated with exit code 0
[2024-06-22T14:02:29.431+0000] {process_utils.py:80} INFO - Process psutil.Process(pid=2053, status='terminated', started='14:01:02') (2053) terminated with exit code None
