[2024-06-27T13:17:15.032+0000] {local_task_job_runner.py:120} INFO - ::group::Pre task execution logs
[2024-06-27T13:17:15.186+0000] {taskinstance.py:2076} INFO - Dependencies all met for dep_context=non-requeueable deps ti=<TaskInstance: TEST_SPARK.extract.extract_customers manual__2024-06-27T13:17:08.054312+00:00 [queued]>
[2024-06-27T13:17:15.248+0000] {taskinstance.py:2076} INFO - Dependencies all met for dep_context=requeueable deps ti=<TaskInstance: TEST_SPARK.extract.extract_customers manual__2024-06-27T13:17:08.054312+00:00 [queued]>
[2024-06-27T13:17:15.250+0000] {taskinstance.py:2306} INFO - Starting attempt 1 of 2
[2024-06-27T13:17:15.463+0000] {taskinstance.py:2330} INFO - Executing <Task(_PythonDecoratedOperator): extract.extract_customers> on 2024-06-27 13:17:08.054312+00:00
[2024-06-27T13:17:15.502+0000] {logging_mixin.py:188} WARNING - /home/airflow/.local/lib/python3.12/site-packages/airflow/task/task_runner/standard_task_runner.py:61 DeprecationWarning: This process (pid=1870) is multi-threaded, use of fork() may lead to deadlocks in the child.
[2024-06-27T13:17:15.509+0000] {standard_task_runner.py:63} INFO - Started process 1895 to run task
[2024-06-27T13:17:15.515+0000] {standard_task_runner.py:90} INFO - Running: ['airflow', 'tasks', 'run', 'TEST_SPARK', 'extract.extract_customers', 'manual__2024-06-27T13:17:08.054312+00:00', '--job-id', '392', '--raw', '--subdir', 'DAGS_FOLDER/elt-spark.py', '--cfg-path', '/tmp/tmpqtzl5ydr']
[2024-06-27T13:17:15.524+0000] {standard_task_runner.py:91} INFO - Job 392: Subtask extract.extract_customers
[2024-06-27T13:17:15.615+0000] {logging_mixin.py:188} WARNING - /home/airflow/.local/lib/python3.12/site-packages/airflow/settings.py:195 DeprecationWarning: The sql_alchemy_conn option in [core] has been moved to the sql_alchemy_conn option in [database] - the old setting has been used, but please update your config.
[2024-06-27T13:17:16.001+0000] {task_command.py:426} INFO - Running <TaskInstance: TEST_SPARK.extract.extract_customers manual__2024-06-27T13:17:08.054312+00:00 [running]> on host airflow-scheduler
[2024-06-27T13:17:16.625+0000] {taskinstance.py:2648} INFO - Exporting env vars: AIRFLOW_CTX_DAG_OWNER='Data-Ninja' AIRFLOW_CTX_DAG_ID='TEST_SPARK' AIRFLOW_CTX_TASK_ID='extract.extract_customers' AIRFLOW_CTX_EXECUTION_DATE='2024-06-27T13:17:08.054312+00:00' AIRFLOW_CTX_TRY_NUMBER='1' AIRFLOW_CTX_DAG_RUN_ID='manual__2024-06-27T13:17:08.054312+00:00'
[2024-06-27T13:17:16.640+0000] {taskinstance.py:430} INFO - ::endgroup::
[2024-06-27T13:19:47.532+0000] {logging_mixin.py:188} INFO - +----------+--------------------+-------------------+--------------------+--------------------+-----------------+-------------+----------+---------+---------------+---------------+
|customerID|         companyName|        contactName|        contactTitle|             address|             city|       region|postalCode|  country|          phone|            fax|
+----------+--------------------+-------------------+--------------------+--------------------+-----------------+-------------+----------+---------+---------------+---------------+
|     LILAS|   LILA-Supermercado|    Carlos González|  Accounting Manager|Carrera 52 con Av...|     Barquisimeto|         Lara|      3508|Venezuela|   (9) 331-6954|   (9) 331-7256|
|     LINOD|    LINO-Delicateses|   Felipe Izquierdo|               Owner|Ave. 5 de Mayo Po...|  I. de Margarita|Nueva Esparta|      4980|Venezuela|   (8) 34-56-12|   (8) 34-93-93|
|     LONEP|Lonesome Pine Res...|        Fran Wilson|       Sales Manager|  89 Chiaroscuro Rd.|         Portland|           OR|     97219|      USA| (503) 555-9573| (503) 555-9646|
|     MAGAA|Magazzini Aliment...|   Giovanni Rovelli|   Marketing Manager|Via Ludovico il M...|          Bergamo|          NaN|     24100|    Italy|     035-640230|     035-640231|
|     MAISD|        Maison Dewey|    Catherine Dewey|         Sales Agent| Rue Joseph-Bens 532|        Bruxelles|          NaN|    B-1180|  Belgium| (02) 201 24 67| (02) 201 24 68|
|     MEREP|      Mère Paillarde|     Jean Fresnière| Marketing Assistant|  43 rue St. Laurent|         Montréal|       Québec|   H1J 1C3|   Canada| (514) 555-8054| (514) 555-8055|
|     MORGK|Morgenstern Gesun...|    Alexander Feuer| Marketing Assistant|         Heerstr. 22|          Leipzig|          NaN|     04179|  Germany|    0342-023176|            NaN|
|     NORTS|         North/South|     Simon Crowther|     Sales Associate|South House 300 Q...|           London|          NaN|   SW7 1RZ|       UK| (171) 555-7733| (171) 555-2530|
|     OCEAN|Océano Atlántico ...|     Yvonne Moncada|         Sales Agent|Ing. Gustavo Monc...|     Buenos Aires|          NaN|      1010|Argentina|   (1) 135-5333|   (1) 135-5535|
|     OLDWO|Old World Delicat...|      Rene Phillips|Sales Representative|     2743 Bering St.|        Anchorage|           AK|     99508|      USA| (907) 555-7584| (907) 555-2880|
|     OTTIK|  Ottilies Käseladen|Henriette Pfalzheim|               Owner|  Mehrheimerstr. 369|             Köln|          NaN|     50739|  Germany|   0221-0644327|   0221-0765721|
|     PARIS|   Paris spécialités|     Marie Bertrand|               Owner|265 boulevard Cha...|            Paris|          NaN|     75012|   France|(1) 42.34.22.66|(1) 42.34.22.77|
|     PERIC|Pericles Comidas ...|Guillermo Fernández|Sales Representative|Calle Dr. Jorge C...|      México D.F.|          NaN|     05033|   Mexico|   (5) 552-3745|   (5) 545-3745|
|     PICCO|    Piccolo und mehr|        Georg Pipps|       Sales Manager|         Geislweg 14|         Salzburg|          NaN|      5020|  Austria|      6562-9722|      6562-9723|
|     PRINI|Princesa Isabel V...|   Isabel de Castro|Sales Representative|Estrada da saúde ...|           Lisboa|          NaN|      1756| Portugal|   (1) 356-5634|            NaN|
|     QUEDE|         Que Delícia|   Bernardo Batista|  Accounting Manager| Rua da Panificadora| 12Rio de Janeiro|           RJ| 02389-673|   Brazil|  (21) 555-4252|  (21) 555-4545|
|     QUEEN|       Queen Cozinha|     Lúcia Carvalho| Marketing Assistant|Alameda dos Canàr...|        Sao Paulo|           SP| 05487-020|   Brazil|  (11) 555-1189|            NaN|
|     QUICK|          QUICK-Stop|        Horst Kloss|  Accounting Manager|    Taucherstraße 10|        Cunewalde|          NaN|     01307|  Germany|    0372-035188|            NaN|
|     RANCH|       Rancho grande|   Sergio Gutiérrez|Sales Representative|Av. del Libertado...|     Buenos Aires|          NaN|      1010|Argentina|   (1) 123-5555|   (1) 123-5556|
|     RATTC|Rattlesnake Canyo...|       Paula Wilson|Assistant Sales R...|     2817 Milton Dr.|      Albuquerque|           NM|     87110|      USA| (505) 555-5939| (505) 555-3620|
+----------+--------------------+-------------------+--------------------+--------------------+-----------------+-------------+----------+---------+---------------+---------------+
only showing top 20 rows
[2024-06-27T13:19:47.568+0000] {logging_mixin.py:188} INFO - None
[2024-06-27T13:19:47.571+0000] {python.py:237} INFO - Done. Returned value was: DataFrame[customerID: string, companyName: string, contactName: string, contactTitle: string, address: string, city: string, region: string, postalCode: string, country: string, phone: string, fax: string]
[2024-06-27T13:19:47.666+0000] {taskinstance.py:441} INFO - ::group::Post task execution logs
[2024-06-27T13:19:47.781+0000] {xcom.py:675} ERROR - Object of type DataFrame is not JSON serializable. If you are using pickle instead of JSON for XCom, then you need to enable pickle support for XCom in your airflow config or make sure to decorate your object with attr.
[2024-06-27T13:19:47.794+0000] {taskinstance.py:2905} ERROR - Task failed with exception
Traceback (most recent call last):
  File "/home/airflow/.local/lib/python3.12/site-packages/airflow/utils/json.py", line 91, in default
    return serialize(o)
           ^^^^^^^^^^^^
  File "/home/airflow/.local/lib/python3.12/site-packages/airflow/serialization/serde.py", line 189, in serialize
    raise TypeError(f"cannot serialize object of type {cls}")
TypeError: cannot serialize object of type <class 'pyspark.sql.dataframe.DataFrame'>

During handling of the above exception, another exception occurred:

Traceback (most recent call last):
  File "/home/airflow/.local/lib/python3.12/site-packages/airflow/models/taskinstance.py", line 486, in _execute_task
    task_instance.xcom_push(key=XCOM_RETURN_KEY, value=xcom_value, session=session)
  File "/home/airflow/.local/lib/python3.12/site-packages/airflow/utils/session.py", line 76, in wrapper
    return func(*args, **kwargs)
           ^^^^^^^^^^^^^^^^^^^^^
  File "/home/airflow/.local/lib/python3.12/site-packages/airflow/models/taskinstance.py", line 3197, in xcom_push
    XCom.set(
  File "/home/airflow/.local/lib/python3.12/site-packages/airflow/utils/session.py", line 76, in wrapper
    return func(*args, **kwargs)
           ^^^^^^^^^^^^^^^^^^^^^
  File "/home/airflow/.local/lib/python3.12/site-packages/airflow/models/xcom.py", line 246, in set
    value = cls.serialize_value(
            ^^^^^^^^^^^^^^^^^^^^
  File "/home/airflow/.local/lib/python3.12/site-packages/airflow/models/xcom.py", line 673, in serialize_value
    return json.dumps(value, cls=XComEncoder).encode("UTF-8")
           ^^^^^^^^^^^^^^^^^^^^^^^^^^^^^^^^^^
  File "/usr/local/lib/python3.12/json/__init__.py", line 238, in dumps
    **kw).encode(obj)
          ^^^^^^^^^^^
  File "/home/airflow/.local/lib/python3.12/site-packages/airflow/utils/json.py", line 104, in encode
    return super().encode(o)
           ^^^^^^^^^^^^^^^^^
  File "/usr/local/lib/python3.12/json/encoder.py", line 200, in encode
    chunks = self.iterencode(o, _one_shot=True)
             ^^^^^^^^^^^^^^^^^^^^^^^^^^^^^^^^^^
  File "/usr/local/lib/python3.12/json/encoder.py", line 258, in iterencode
    return _iterencode(o, 0)
           ^^^^^^^^^^^^^^^^^
  File "/home/airflow/.local/lib/python3.12/site-packages/airflow/utils/json.py", line 93, in default
    return super().default(o)
           ^^^^^^^^^^^^^^^^^^
  File "/usr/local/lib/python3.12/json/encoder.py", line 180, in default
    raise TypeError(f'Object of type {o.__class__.__name__} '
TypeError: Object of type DataFrame is not JSON serializable
[2024-06-27T13:19:47.877+0000] {taskinstance.py:1206} INFO - Marking task as UP_FOR_RETRY. dag_id=TEST_SPARK, task_id=extract.extract_customers, run_id=manual__2024-06-27T13:17:08.054312+00:00, execution_date=20240627T131708, start_date=20240627T131715, end_date=20240627T131947
[2024-06-27T13:19:47.936+0000] {standard_task_runner.py:110} ERROR - Failed to execute job 392 for task extract.extract_customers (Object of type DataFrame is not JSON serializable; 1895)
[2024-06-27T13:19:47.991+0000] {local_task_job_runner.py:240} INFO - Task exited with return code 1
[2024-06-27T13:19:48.401+0000] {taskinstance.py:3503} INFO - 0 downstream tasks scheduled from follow-on schedule check
[2024-06-27T13:19:48.408+0000] {local_task_job_runner.py:222} INFO - ::endgroup::
