[2024-06-22T14:00:29.823+0000] {local_task_job_runner.py:120} INFO - ::group::Pre task execution logs
[2024-06-22T14:00:30.009+0000] {taskinstance.py:2076} INFO - Dependencies all met for dep_context=non-requeueable deps ti=<TaskInstance: ELT-PROJECT.extract.extract_customers manual__2024-06-22T14:00:08.796342+00:00 [queued]>
[2024-06-22T14:00:30.109+0000] {taskinstance.py:2076} INFO - Dependencies all met for dep_context=requeueable deps ti=<TaskInstance: ELT-PROJECT.extract.extract_customers manual__2024-06-22T14:00:08.796342+00:00 [queued]>
[2024-06-22T14:00:30.119+0000] {taskinstance.py:2306} INFO - Starting attempt 1 of 2
[2024-06-22T14:00:30.253+0000] {taskinstance.py:2330} INFO - Executing <Task(_PythonDecoratedOperator): extract.extract_customers> on 2024-06-22 14:00:08.796342+00:00
[2024-06-22T14:00:30.418+0000] {standard_task_runner.py:90} INFO - Running: ['airflow', 'tasks', 'run', 'ELT-PROJECT', 'extract.extract_customers', 'manual__2024-06-22T14:00:08.796342+00:00', '--job-id', '40', '--raw', '--subdir', 'DAGS_FOLDER/elt.py', '--cfg-path', '/tmp/tmphpulej5w']
[2024-06-22T14:00:30.463+0000] {standard_task_runner.py:91} INFO - Job 40: Subtask extract.extract_customers
[2024-06-22T14:00:30.503+0000] {logging_mixin.py:188} WARNING - /home/airflow/.local/lib/python3.12/site-packages/airflow/task/task_runner/standard_task_runner.py:61 DeprecationWarning: This process (pid=1996) is multi-threaded, use of fork() may lead to deadlocks in the child.
[2024-06-22T14:00:30.538+0000] {standard_task_runner.py:63} INFO - Started process 2033 to run task
[2024-06-22T14:00:30.809+0000] {logging_mixin.py:188} WARNING - /home/airflow/.local/lib/python3.12/site-packages/airflow/settings.py:195 DeprecationWarning: The sql_alchemy_conn option in [core] has been moved to the sql_alchemy_conn option in [database] - the old setting has been used, but please update your config.
[2024-06-22T14:00:34.530+0000] {task_command.py:426} INFO - Running <TaskInstance: ELT-PROJECT.extract.extract_customers manual__2024-06-22T14:00:08.796342+00:00 [running]> on host airflow-scheduler
[2024-06-22T14:01:02.446+0000] {taskinstance.py:2648} INFO - Exporting env vars: AIRFLOW_CTX_DAG_OWNER='Data-Ninja' AIRFLOW_CTX_DAG_ID='ELT-PROJECT' AIRFLOW_CTX_TASK_ID='extract.extract_customers' AIRFLOW_CTX_EXECUTION_DATE='2024-06-22T14:00:08.796342+00:00' AIRFLOW_CTX_TRY_NUMBER='1' AIRFLOW_CTX_DAG_RUN_ID='manual__2024-06-22T14:00:08.796342+00:00'
[2024-06-22T14:01:02.493+0000] {taskinstance.py:430} INFO - ::endgroup::
[2024-06-22T14:02:24.492+0000] {local_task_job_runner.py:310} WARNING - State of this instance has been externally set to failed. Terminating instance.
[2024-06-22T14:02:25.552+0000] {local_task_job_runner.py:222} INFO - ::endgroup::
[2024-06-22T14:02:25.770+0000] {process_utils.py:132} INFO - Sending 15 to group 2033. PIDs of all processes in the group: [2066, 2033]
[2024-06-22T14:02:25.884+0000] {process_utils.py:87} INFO - Sending the signal 15 to group 2033
[2024-06-22T14:02:26.223+0000] {taskinstance.py:2611} ERROR - Received SIGTERM. Terminating subprocesses.
[2024-06-22T14:02:27.582+0000] {taskinstance.py:441} INFO - ::group::Post task execution logs
[2024-06-22T14:02:30.448+0000] {clientserver.py:538} INFO - Error while receiving.
Traceback (most recent call last):
  File "/home/airflow/.local/lib/python3.12/site-packages/py4j/clientserver.py", line 516, in send_command
    raise Py4JNetworkError("Answer from Java side is empty")
py4j.protocol.Py4JNetworkError: Answer from Java side is empty
[2024-06-22T14:02:30.794+0000] {clientserver.py:543} INFO - Closing down clientserver connection
[2024-06-22T14:02:30.885+0000] {java_gateway.py:1055} ERROR - Exception while sending command.
Traceback (most recent call last):
  File "/home/airflow/.local/lib/python3.12/site-packages/py4j/clientserver.py", line 516, in send_command
    raise Py4JNetworkError("Answer from Java side is empty")
py4j.protocol.Py4JNetworkError: Answer from Java side is empty

During handling of the above exception, another exception occurred:

Traceback (most recent call last):
  File "/home/airflow/.local/lib/python3.12/site-packages/py4j/java_gateway.py", line 1038, in send_command
    response = connection.send_command(command)
               ^^^^^^^^^^^^^^^^^^^^^^^^^^^^^^^^
  File "/home/airflow/.local/lib/python3.12/site-packages/py4j/clientserver.py", line 539, in send_command
    raise Py4JNetworkError(
py4j.protocol.Py4JNetworkError: Error while sending or receiving
[2024-06-22T14:02:30.975+0000] {clientserver.py:543} INFO - Closing down clientserver connection
[2024-06-22T14:02:31.004+0000] {clientserver.py:543} INFO - Closing down clientserver connection
[2024-06-22T14:02:31.021+0000] {clientserver.py:543} INFO - Closing down clientserver connection
[2024-06-22T14:02:31.046+0000] {clientserver.py:543} INFO - Closing down clientserver connection
[2024-06-22T14:02:31.055+0000] {clientserver.py:543} INFO - Closing down clientserver connection
[2024-06-22T14:02:31.057+0000] {clientserver.py:543} INFO - Closing down clientserver connection
[2024-06-22T14:02:31.075+0000] {clientserver.py:543} INFO - Closing down clientserver connection
[2024-06-22T14:02:31.079+0000] {clientserver.py:543} INFO - Closing down clientserver connection
[2024-06-22T14:02:31.082+0000] {clientserver.py:543} INFO - Closing down clientserver connection
[2024-06-22T14:02:31.085+0000] {clientserver.py:543} INFO - Closing down clientserver connection
[2024-06-22T14:02:31.091+0000] {clientserver.py:543} INFO - Closing down clientserver connection
[2024-06-22T14:02:31.095+0000] {clientserver.py:543} INFO - Closing down clientserver connection
[2024-06-22T14:02:31.100+0000] {clientserver.py:543} INFO - Closing down clientserver connection
[2024-06-22T14:02:31.102+0000] {clientserver.py:543} INFO - Closing down clientserver connection
[2024-06-22T14:02:31.118+0000] {clientserver.py:543} INFO - Closing down clientserver connection
[2024-06-22T14:02:31.122+0000] {clientserver.py:543} INFO - Closing down clientserver connection
[2024-06-22T14:02:31.128+0000] {clientserver.py:543} INFO - Closing down clientserver connection
[2024-06-22T14:02:31.129+0000] {clientserver.py:543} INFO - Closing down clientserver connection
[2024-06-22T14:02:31.130+0000] {clientserver.py:543} INFO - Closing down clientserver connection
[2024-06-22T14:02:31.138+0000] {clientserver.py:543} INFO - Closing down clientserver connection
[2024-06-22T14:02:31.142+0000] {clientserver.py:543} INFO - Closing down clientserver connection
[2024-06-22T14:02:31.151+0000] {clientserver.py:543} INFO - Closing down clientserver connection
[2024-06-22T14:02:31.154+0000] {clientserver.py:543} INFO - Closing down clientserver connection
[2024-06-22T14:02:31.270+0000] {clientserver.py:543} INFO - Closing down clientserver connection
[2024-06-22T14:02:31.778+0000] {process_utils.py:80} INFO - Process psutil.Process(pid=2033, status='terminated', exitcode=0, started='14:00:30') (2033) terminated with exit code 0
[2024-06-22T14:02:31.825+0000] {process_utils.py:80} INFO - Process psutil.Process(pid=2066, status='terminated', started='14:01:02') (2066) terminated with exit code None
